[2024-04-24 09:59:06] local.DEBUG: --- Zendesk-Event: Lead on Create ---  
[2024-04-24 09:59:06] local.DEBUG: {
    "zd_lead_id": 163105170,
    "first_name": "24APR",
    "last_name": "2024",
    "status": "New Client - Referral",
    "email": "24apr@gmail.com",
    "company_name": "PT 24APR24 Aja",
    "mobile": null,
    "phone": "089456",
    "enterprise_id": "24APR24"
}  
[2024-04-24 09:59:06] local.DEBUG: array (
  'CONTACT ID' => NULL,
)  
[2024-04-24 09:59:06] local.DEBUG: --- ZD-Request: Fill LeadID using Update Lead ActiveCampaign Contact ID ---  
[2024-04-24 09:59:06] local.DEBUG: {
    "custom_fields": {
        "Lead ID": 163105170
    }
}  
[2024-04-24 09:59:06] local.DEBUG: --- ZD-Request: Update Lead ActiveCampaign Contact ID ---  
[2024-04-24 09:59:06] local.ERROR: resource= field= code=not_found message=Not Found {"exception":"[object] (BaseCRM\\Errors\\RequestError(code: 0): resource= field= code=not_found message=Not Found at /Users/aufulkirom/Documents/1_WORK/APERGU/PRIVY/zd-ac-stage-module/vendor/basecrm/basecrm-php/lib/HttpClient.php:286)
[stacktrace]
#0 /Users/aufulkirom/Documents/1_WORK/APERGU/PRIVY/zd-ac-stage-module/vendor/basecrm/basecrm-php/lib/HttpClient.php(269): BaseCRM\\HttpClient->handleErrorResponse(404, '{\"errors\":[{\"er...', Array)
#1 /Users/aufulkirom/Documents/1_WORK/APERGU/PRIVY/zd-ac-stage-module/vendor/basecrm/basecrm-php/lib/HttpClient.php(160): BaseCRM\\HttpClient->handleResponse(404, '{\"errors\":[{\"er...')
#2 /Users/aufulkirom/Documents/1_WORK/APERGU/PRIVY/zd-ac-stage-module/vendor/basecrm/basecrm-php/lib/HttpClient.php(65): BaseCRM\\HttpClient->request('PUT', '/leads/16310517...', NULL, Array, Array)
#3 /Users/aufulkirom/Documents/1_WORK/APERGU/PRIVY/zd-ac-stage-module/vendor/basecrm/basecrm-php/lib/LeadsService.php(111): BaseCRM\\HttpClient->put('/leads/16310517...', Array, Array)
#4 /Users/aufulkirom/Documents/1_WORK/APERGU/PRIVY/zd-ac-stage-module/app/Http/Controllers/Zendesk/Lead/OnCreateController.php(251): BaseCRM\\LeadsService->update(163105170, Array)
#5 /Users/aufulkirom/Documents/1_WORK/APERGU/PRIVY/zd-ac-stage-module/app/Http/Controllers/Zendesk/Lead/OnCreateController.php(192): App\\Http\\Controllers\\Zendesk\\Lead\\OnCreateController->updateACContactIDToZD(163105170, Array)
#6 /Users/aufulkirom/Documents/1_WORK/APERGU/PRIVY/zd-ac-stage-module/app/Http/Controllers/Zendesk/Lead/OnCreateController.php(23): App\\Http\\Controllers\\Zendesk\\Lead\\OnCreateController->updateCustomLeadId(Object(Illuminate\\Http\\Request))
#7 /Users/aufulkirom/Documents/1_WORK/APERGU/PRIVY/zd-ac-stage-module/vendor/laravel/framework/src/Illuminate/Routing/Controller.php(54): App\\Http\\Controllers\\Zendesk\\Lead\\OnCreateController->index(Object(Illuminate\\Http\\Request))
#8 /Users/aufulkirom/Documents/1_WORK/APERGU/PRIVY/zd-ac-stage-module/vendor/laravel/framework/src/Illuminate/Routing/ControllerDispatcher.php(43): Illuminate\\Routing\\Controller->callAction('index', Array)
#9 /Users/aufulkirom/Documents/1_WORK/APERGU/PRIVY/zd-ac-stage-module/vendor/laravel/framework/src/Illuminate/Routing/Route.php(260): Illuminate\\Routing\\ControllerDispatcher->dispatch(Object(Illuminate\\Routing\\Route), Object(App\\Http\\Controllers\\Zendesk\\Lead\\OnCreateController), 'index')
#10 /Users/aufulkirom/Documents/1_WORK/APERGU/PRIVY/zd-ac-stage-module/vendor/laravel/framework/src/Illuminate/Routing/Route.php(205): Illuminate\\Routing\\Route->runController()
#11 /Users/aufulkirom/Documents/1_WORK/APERGU/PRIVY/zd-ac-stage-module/vendor/laravel/framework/src/Illuminate/Routing/Router.php(806): Illuminate\\Routing\\Route->run()
#12 /Users/aufulkirom/Documents/1_WORK/APERGU/PRIVY/zd-ac-stage-module/vendor/laravel/framework/src/Illuminate/Pipeline/Pipeline.php(144): Illuminate\\Routing\\Router->Illuminate\\Routing\\{closure}(Object(Illuminate\\Http\\Request))
#13 /Users/aufulkirom/Documents/1_WORK/APERGU/PRIVY/zd-ac-stage-module/app/Http/Middleware/BasicAuth.php(33): Illuminate\\Pipeline\\Pipeline->Illuminate\\Pipeline\\{closure}(Object(Illuminate\\Http\\Request))
#14 /Users/aufulkirom/Documents/1_WORK/APERGU/PRIVY/zd-ac-stage-module/vendor/laravel/framework/src/Illuminate/Pipeline/Pipeline.php(183): App\\Http\\Middleware\\BasicAuth->handle(Object(Illuminate\\Http\\Request), Object(Closure))
#15 /Users/aufulkirom/Documents/1_WORK/APERGU/PRIVY/zd-ac-stage-module/vendor/laravel/framework/src/Illuminate/Routing/Middleware/SubstituteBindings.php(50): Illuminate\\Pipeline\\Pipeline->Illuminate\\Pipeline\\{closure}(Object(Illuminate\\Http\\Request))
#16 /Users/aufulkirom/Documents/1_WORK/APERGU/PRIVY/zd-ac-stage-module/vendor/laravel/framework/src/Illuminate/Pipeline/Pipeline.php(183): Illuminate\\Routing\\Middleware\\SubstituteBindings->handle(Object(Illuminate\\Http\\Request), Object(Closure))
#17 /Users/aufulkirom/Documents/1_WORK/APERGU/PRIVY/zd-ac-stage-module/vendor/laravel/framework/src/Illuminate/Routing/Middleware/ThrottleRequests.php(159): Illuminate\\Pipeline\\Pipeline->Illuminate\\Pipeline\\{closure}(Object(Illuminate\\Http\\Request))
#18 /Users/aufulkirom/Documents/1_WORK/APERGU/PRIVY/zd-ac-stage-module/vendor/laravel/framework/src/Illuminate/Routing/Middleware/ThrottleRequests.php(135): Illuminate\\Routing\\Middleware\\ThrottleRequests->handleRequest(Object(Illuminate\\Http\\Request), Object(Closure), Array)
#19 /Users/aufulkirom/Documents/1_WORK/APERGU/PRIVY/zd-ac-stage-module/vendor/laravel/framework/src/Illuminate/Routing/Middleware/ThrottleRequests.php(87): Illuminate\\Routing\\Middleware\\ThrottleRequests->handleRequestUsingNamedLimiter(Object(Illuminate\\Http\\Request), Object(Closure), 'api', Object(Closure))
#20 /Users/aufulkirom/Documents/1_WORK/APERGU/PRIVY/zd-ac-stage-module/vendor/laravel/framework/src/Illuminate/Pipeline/Pipeline.php(183): Illuminate\\Routing\\Middleware\\ThrottleRequests->handle(Object(Illuminate\\Http\\Request), Object(Closure), 'api')
#21 /Users/aufulkirom/Documents/1_WORK/APERGU/PRIVY/zd-ac-stage-module/vendor/laravel/framework/src/Illuminate/Pipeline/Pipeline.php(119): Illuminate\\Pipeline\\Pipeline->Illuminate\\Pipeline\\{closure}(Object(Illuminate\\Http\\Request))
#22 /Users/aufulkirom/Documents/1_WORK/APERGU/PRIVY/zd-ac-stage-module/vendor/laravel/framework/src/Illuminate/Routing/Router.php(807): Illuminate\\Pipeline\\Pipeline->then(Object(Closure))
#23 /Users/aufulkirom/Documents/1_WORK/APERGU/PRIVY/zd-ac-stage-module/vendor/laravel/framework/src/Illuminate/Routing/Router.php(784): Illuminate\\Routing\\Router->runRouteWithinStack(Object(Illuminate\\Routing\\Route), Object(Illuminate\\Http\\Request))
#24 /Users/aufulkirom/Documents/1_WORK/APERGU/PRIVY/zd-ac-stage-module/vendor/laravel/framework/src/Illuminate/Routing/Router.php(748): Illuminate\\Routing\\Router->runRoute(Object(Illuminate\\Http\\Request), Object(Illuminate\\Routing\\Route))
#25 /Users/aufulkirom/Documents/1_WORK/APERGU/PRIVY/zd-ac-stage-module/vendor/laravel/framework/src/Illuminate/Routing/Router.php(737): Illuminate\\Routing\\Router->dispatchToRoute(Object(Illuminate\\Http\\Request))
#26 /Users/aufulkirom/Documents/1_WORK/APERGU/PRIVY/zd-ac-stage-module/vendor/laravel/framework/src/Illuminate/Foundation/Http/Kernel.php(200): Illuminate\\Routing\\Router->dispatch(Object(Illuminate\\Http\\Request))
#27 /Users/aufulkirom/Documents/1_WORK/APERGU/PRIVY/zd-ac-stage-module/vendor/laravel/framework/src/Illuminate/Pipeline/Pipeline.php(144): Illuminate\\Foundation\\Http\\Kernel->Illuminate\\Foundation\\Http\\{closure}(Object(Illuminate\\Http\\Request))
#28 /Users/aufulkirom/Documents/1_WORK/APERGU/PRIVY/zd-ac-stage-module/vendor/laravel/framework/src/Illuminate/Foundation/Http/Middleware/TransformsRequest.php(21): Illuminate\\Pipeline\\Pipeline->Illuminate\\Pipeline\\{closure}(Object(Illuminate\\Http\\Request))
#29 /Users/aufulkirom/Documents/1_WORK/APERGU/PRIVY/zd-ac-stage-module/vendor/laravel/framework/src/Illuminate/Foundation/Http/Middleware/ConvertEmptyStringsToNull.php(31): Illuminate\\Foundation\\Http\\Middleware\\TransformsRequest->handle(Object(Illuminate\\Http\\Request), Object(Closure))
#30 /Users/aufulkirom/Documents/1_WORK/APERGU/PRIVY/zd-ac-stage-module/vendor/laravel/framework/src/Illuminate/Pipeline/Pipeline.php(183): Illuminate\\Foundation\\Http\\Middleware\\ConvertEmptyStringsToNull->handle(Object(Illuminate\\Http\\Request), Object(Closure))
#31 /Users/aufulkirom/Documents/1_WORK/APERGU/PRIVY/zd-ac-stage-module/vendor/laravel/framework/src/Illuminate/Foundation/Http/Middleware/TransformsRequest.php(21): Illuminate\\Pipeline\\Pipeline->Illuminate\\Pipeline\\{closure}(Object(Illuminate\\Http\\Request))
#32 /Users/aufulkirom/Documents/1_WORK/APERGU/PRIVY/zd-ac-stage-module/vendor/laravel/framework/src/Illuminate/Foundation/Http/Middleware/TrimStrings.php(40): Illuminate\\Foundation\\Http\\Middleware\\TransformsRequest->handle(Object(Illuminate\\Http\\Request), Object(Closure))
#33 /Users/aufulkirom/Documents/1_WORK/APERGU/PRIVY/zd-ac-stage-module/vendor/laravel/framework/src/Illuminate/Pipeline/Pipeline.php(183): Illuminate\\Foundation\\Http\\Middleware\\TrimStrings->handle(Object(Illuminate\\Http\\Request), Object(Closure))
#34 /Users/aufulkirom/Documents/1_WORK/APERGU/PRIVY/zd-ac-stage-module/vendor/laravel/framework/src/Illuminate/Foundation/Http/Middleware/ValidatePostSize.php(27): Illuminate\\Pipeline\\Pipeline->Illuminate\\Pipeline\\{closure}(Object(Illuminate\\Http\\Request))
#35 /Users/aufulkirom/Documents/1_WORK/APERGU/PRIVY/zd-ac-stage-module/vendor/laravel/framework/src/Illuminate/Pipeline/Pipeline.php(183): Illuminate\\Foundation\\Http\\Middleware\\ValidatePostSize->handle(Object(Illuminate\\Http\\Request), Object(Closure))
#36 /Users/aufulkirom/Documents/1_WORK/APERGU/PRIVY/zd-ac-stage-module/vendor/laravel/framework/src/Illuminate/Foundation/Http/Middleware/PreventRequestsDuringMaintenance.php(99): Illuminate\\Pipeline\\Pipeline->Illuminate\\Pipeline\\{closure}(Object(Illuminate\\Http\\Request))
#37 /Users/aufulkirom/Documents/1_WORK/APERGU/PRIVY/zd-ac-stage-module/vendor/laravel/framework/src/Illuminate/Pipeline/Pipeline.php(183): Illuminate\\Foundation\\Http\\Middleware\\PreventRequestsDuringMaintenance->handle(Object(Illuminate\\Http\\Request), Object(Closure))
#38 /Users/aufulkirom/Documents/1_WORK/APERGU/PRIVY/zd-ac-stage-module/vendor/laravel/framework/src/Illuminate/Http/Middleware/HandleCors.php(62): Illuminate\\Pipeline\\Pipeline->Illuminate\\Pipeline\\{closure}(Object(Illuminate\\Http\\Request))
#39 /Users/aufulkirom/Documents/1_WORK/APERGU/PRIVY/zd-ac-stage-module/vendor/laravel/framework/src/Illuminate/Pipeline/Pipeline.php(183): Illuminate\\Http\\Middleware\\HandleCors->handle(Object(Illuminate\\Http\\Request), Object(Closure))
#40 /Users/aufulkirom/Documents/1_WORK/APERGU/PRIVY/zd-ac-stage-module/vendor/laravel/framework/src/Illuminate/Http/Middleware/TrustProxies.php(39): Illuminate\\Pipeline\\Pipeline->Illuminate\\Pipeline\\{closure}(Object(Illuminate\\Http\\Request))
#41 /Users/aufulkirom/Documents/1_WORK/APERGU/PRIVY/zd-ac-stage-module/vendor/laravel/framework/src/Illuminate/Pipeline/Pipeline.php(183): Illuminate\\Http\\Middleware\\TrustProxies->handle(Object(Illuminate\\Http\\Request), Object(Closure))
#42 /Users/aufulkirom/Documents/1_WORK/APERGU/PRIVY/zd-ac-stage-module/vendor/laravel/framework/src/Illuminate/Pipeline/Pipeline.php(119): Illuminate\\Pipeline\\Pipeline->Illuminate\\Pipeline\\{closure}(Object(Illuminate\\Http\\Request))
#43 /Users/aufulkirom/Documents/1_WORK/APERGU/PRIVY/zd-ac-stage-module/vendor/laravel/framework/src/Illuminate/Foundation/Http/Kernel.php(175): Illuminate\\Pipeline\\Pipeline->then(Object(Closure))
#44 /Users/aufulkirom/Documents/1_WORK/APERGU/PRIVY/zd-ac-stage-module/vendor/laravel/framework/src/Illuminate/Foundation/Http/Kernel.php(144): Illuminate\\Foundation\\Http\\Kernel->sendRequestThroughRouter(Object(Illuminate\\Http\\Request))
#45 /Users/aufulkirom/Documents/1_WORK/APERGU/PRIVY/zd-ac-stage-module/public/index.php(53): Illuminate\\Foundation\\Http\\Kernel->handle(Object(Illuminate\\Http\\Request))
#46 /Users/aufulkirom/Documents/1_WORK/APERGU/PRIVY/zd-ac-stage-module/vendor/laravel/framework/src/Illuminate/Foundation/resources/server.php(16): require_once('/Users/aufulkir...')
#47 {main}
"} 
[2024-04-24 09:59:58] local.DEBUG: --- Zendesk-Event: Lead on Create ---  
[2024-04-24 09:59:58] local.DEBUG: {
    "zd_lead_id": 163105170,
    "first_name": "24APR",
    "last_name": "2024",
    "status": "New Client - Referral",
    "email": "24apr@gmail.com",
    "company_name": "PT 24APR24 Aja",
    "mobile": null,
    "phone": "089456",
    "enterprise_id": "24APR24"
}  
[2024-04-24 09:59:58] local.DEBUG: array (
  'CONTACT ID' => NULL,
)  
[2024-04-24 09:59:58] local.DEBUG: --- ZD-Request: Fill LeadID using Update Lead ActiveCampaign Contact ID ---  
[2024-04-24 09:59:58] local.DEBUG: --- AC-Request: Search Contact By Email ---  
[2024-04-24 09:59:58] local.DEBUG: https://privy1706071639.api-us1.com/api/3/contacts?filters[email]=24apr@gmail.com  
[2024-04-24 09:59:59] local.DEBUG: --- AC-Response: Search Contact By Email ---  
[2024-04-24 09:59:59] local.DEBUG: [
    {
        "cdate": "2024-04-24T04:58:38-05:00",
        "email": "24apr@gmail.com",
        "phone": "089456",
        "firstName": "24APR",
        "lastName": "2024",
        "orgid": "0",
        "orgname": "",
        "segmentio_id": "",
        "bounced_hard": "0",
        "bounced_soft": "0",
        "bounced_date": null,
        "ip": "0",
        "ua": null,
        "hash": "aa19c8e9a9978525f2eb73e2e31f7de6",
        "socialdata_lastcheck": null,
        "email_local": "",
        "email_domain": "gmail.com",
        "sentcnt": "0",
        "rating_tstamp": null,
        "gravatar": "0",
        "deleted": "0",
        "anonymized": "0",
        "adate": null,
        "udate": "2024-04-24T04:58:38-05:00",
        "edate": null,
        "deleted_at": null,
        "created_utc_timestamp": "2024-04-24 04:58:38",
        "updated_utc_timestamp": "2024-04-24 04:58:38",
        "created_timestamp": "2024-04-24 04:58:38",
        "updated_timestamp": "2024-04-24 04:58:38",
        "created_by": null,
        "updated_by": null,
        "mpp_tracking": "0",
        "scoreValues": [],
        "accountContacts": [],
        "links": {
            "bounceLogs": "https:\/\/privy1706071639.api-us1.com\/api\/3\/contacts\/340\/bounceLogs",
            "contactAutomations": "https:\/\/privy1706071639.api-us1.com\/api\/3\/contacts\/340\/contactAutomations?limit=2500&orders%5Blastdate%5D=DESC",
            "contactData": "https:\/\/privy1706071639.api-us1.com\/api\/3\/contacts\/340\/contactData",
            "contactGoals": "https:\/\/privy1706071639.api-us1.com\/api\/3\/contacts\/340\/contactGoals",
            "contactLists": "https:\/\/privy1706071639.api-us1.com\/api\/3\/contacts\/340\/contactLists",
            "contactLogs": "https:\/\/privy1706071639.api-us1.com\/api\/3\/contacts\/340\/contactLogs",
            "contactTags": "https:\/\/privy1706071639.api-us1.com\/api\/3\/contacts\/340\/contactTags",
            "contactDeals": "https:\/\/privy1706071639.api-us1.com\/api\/3\/contacts\/340\/contactDeals",
            "deals": "https:\/\/privy1706071639.api-us1.com\/api\/3\/contacts\/340\/deals",
            "fieldValues": "https:\/\/privy1706071639.api-us1.com\/api\/3\/contacts\/340\/fieldValues",
            "geoIps": "https:\/\/privy1706071639.api-us1.com\/api\/3\/contacts\/340\/geoIps",
            "notes": "https:\/\/privy1706071639.api-us1.com\/api\/3\/contacts\/340\/notes",
            "organization": "https:\/\/privy1706071639.api-us1.com\/api\/3\/contacts\/340\/organization",
            "plusAppend": "https:\/\/privy1706071639.api-us1.com\/api\/3\/contacts\/340\/plusAppend",
            "trackingLogs": "https:\/\/privy1706071639.api-us1.com\/api\/3\/contacts\/340\/trackingLogs",
            "scoreValues": "https:\/\/privy1706071639.api-us1.com\/api\/3\/contacts\/340\/scoreValues",
            "accountContacts": "https:\/\/privy1706071639.api-us1.com\/api\/3\/contacts\/340\/accountContacts",
            "automationEntryCounts": "https:\/\/privy1706071639.api-us1.com\/api\/3\/contacts\/340\/automationEntryCounts"
        },
        "id": "340",
        "organization": null
    }
]  
[2024-04-24 09:59:59] local.DEBUG: --- AC-Request: Update Contact ---  
[2024-04-24 09:59:59] local.DEBUG: https://privy1706071639.api-us1.com/api/3/contacts/340  
[2024-04-24 09:59:59] local.DEBUG: {
    "contact": {
        "email": "24apr@gmail.com",
        "firstName": "24APR",
        "lastName": "2024",
        "phone": "089456",
        "fieldValues": [
            {
                "field": 1,
                "value": "PT 24APR24 Aja"
            },
            {
                "field": 2,
                "value": null
            },
            {
                "field": 3,
                "value": "New Client - Referral"
            },
            {
                "field": 6,
                "value": 163105170
            }
        ]
    }
}  
[2024-04-24 10:00:00] local.DEBUG: --- AC-Response: Update Contact ---  
[2024-04-24 10:00:00] local.DEBUG: {
    "fieldValues": [
        {
            "contact": "340",
            "field": "1",
            "value": "PT 24APR24 Aja",
            "cdate": "2024-04-24T04:58:38-05:00",
            "udate": "2024-04-24T05:00:00-05:00",
            "created_by": "0",
            "updated_by": "0",
            "links": {
                "owner": "https:\/\/privy1706071639.api-us1.com\/api\/3\/fieldValues\/1777\/owner",
                "field": "https:\/\/privy1706071639.api-us1.com\/api\/3\/fieldValues\/1777\/field"
            },
            "id": "1777",
            "owner": "340"
        },
        {
            "contact": "340",
            "field": "2",
            "value": "",
            "cdate": "2024-04-24T04:58:38-05:00",
            "udate": "2024-04-24T05:00:00-05:00",
            "created_by": "0",
            "updated_by": "0",
            "links": {
                "owner": "https:\/\/privy1706071639.api-us1.com\/api\/3\/fieldValues\/1778\/owner",
                "field": "https:\/\/privy1706071639.api-us1.com\/api\/3\/fieldValues\/1778\/field"
            },
            "id": "1778",
            "owner": "340"
        },
        {
            "contact": "340",
            "field": "3",
            "value": "New Client - Referral",
            "cdate": "2024-04-24T04:58:38-05:00",
            "udate": "2024-04-24T05:00:00-05:00",
            "created_by": "0",
            "updated_by": "0",
            "links": {
                "owner": "https:\/\/privy1706071639.api-us1.com\/api\/3\/fieldValues\/1779\/owner",
                "field": "https:\/\/privy1706071639.api-us1.com\/api\/3\/fieldValues\/1779\/field"
            },
            "id": "1779",
            "owner": "340"
        },
        {
            "contact": "340",
            "field": "5",
            "value": "24APR24",
            "cdate": "2024-04-24T04:58:38-05:00",
            "udate": "2024-04-24T04:58:38-05:00",
            "created_by": null,
            "updated_by": null,
            "links": {
                "owner": "https:\/\/privy1706071639.api-us1.com\/api\/3\/fieldValues\/1780\/owner",
                "field": "https:\/\/privy1706071639.api-us1.com\/api\/3\/fieldValues\/1780\/field"
            },
            "id": "1780",
            "owner": "340"
        },
        {
            "contact": "340",
            "field": "6",
            "value": "163105170",
            "cdate": "2024-04-24T04:58:38-05:00",
            "udate": "2024-04-24T05:00:00-05:00",
            "created_by": "0",
            "updated_by": "0",
            "links": {
                "owner": "https:\/\/privy1706071639.api-us1.com\/api\/3\/fieldValues\/1781\/owner",
                "field": "https:\/\/privy1706071639.api-us1.com\/api\/3\/fieldValues\/1781\/field"
            },
            "id": "1781",
            "owner": "340"
        }
    ],
    "contact": {
        "cdate": "2024-04-24T04:58:38-05:00",
        "email": "24apr@gmail.com",
        "phone": "089456",
        "firstName": "24APR",
        "lastName": "2024",
        "orgid": "0",
        "orgname": "",
        "segmentio_id": "",
        "bounced_hard": "0",
        "bounced_soft": "0",
        "bounced_date": null,
        "ip": "0",
        "ua": null,
        "hash": "aa19c8e9a9978525f2eb73e2e31f7de6",
        "socialdata_lastcheck": null,
        "email_local": "",
        "email_domain": "gmail.com",
        "sentcnt": "0",
        "rating_tstamp": null,
        "gravatar": "0",
        "deleted": "0",
        "anonymized": "0",
        "adate": null,
        "udate": "2024-04-24T05:00:00-05:00",
        "edate": null,
        "deleted_at": null,
        "created_utc_timestamp": "2024-04-24 04:58:38",
        "updated_utc_timestamp": "2024-04-24 05:00:00",
        "created_timestamp": "2024-04-24 04:58:38",
        "updated_timestamp": "2024-04-24 05:00:00",
        "created_by": null,
        "updated_by": null,
        "mpp_tracking": "0",
        "links": {
            "bounceLogs": "https:\/\/privy1706071639.api-us1.com\/api\/3\/contacts\/340\/bounceLogs",
            "contactAutomations": "https:\/\/privy1706071639.api-us1.com\/api\/3\/contacts\/340\/contactAutomations?limit=2500&orders%5Blastdate%5D=DESC",
            "contactData": "https:\/\/privy1706071639.api-us1.com\/api\/3\/contacts\/340\/contactData",
            "contactGoals": "https:\/\/privy1706071639.api-us1.com\/api\/3\/contacts\/340\/contactGoals",
            "contactLists": "https:\/\/privy1706071639.api-us1.com\/api\/3\/contacts\/340\/contactLists",
            "contactLogs": "https:\/\/privy1706071639.api-us1.com\/api\/3\/contacts\/340\/contactLogs",
            "contactTags": "https:\/\/privy1706071639.api-us1.com\/api\/3\/contacts\/340\/contactTags",
            "contactDeals": "https:\/\/privy1706071639.api-us1.com\/api\/3\/contacts\/340\/contactDeals",
            "deals": "https:\/\/privy1706071639.api-us1.com\/api\/3\/contacts\/340\/deals",
            "fieldValues": "https:\/\/privy1706071639.api-us1.com\/api\/3\/contacts\/340\/fieldValues",
            "geoIps": "https:\/\/privy1706071639.api-us1.com\/api\/3\/contacts\/340\/geoIps",
            "notes": "https:\/\/privy1706071639.api-us1.com\/api\/3\/contacts\/340\/notes",
            "organization": "https:\/\/privy1706071639.api-us1.com\/api\/3\/contacts\/340\/organization",
            "plusAppend": "https:\/\/privy1706071639.api-us1.com\/api\/3\/contacts\/340\/plusAppend",
            "trackingLogs": "https:\/\/privy1706071639.api-us1.com\/api\/3\/contacts\/340\/trackingLogs",
            "scoreValues": "https:\/\/privy1706071639.api-us1.com\/api\/3\/contacts\/340\/scoreValues",
            "accountContacts": "https:\/\/privy1706071639.api-us1.com\/api\/3\/contacts\/340\/accountContacts",
            "automationEntryCounts": "https:\/\/privy1706071639.api-us1.com\/api\/3\/contacts\/340\/automationEntryCounts"
        },
        "fieldValues": [
            "1777",
            "1778",
            "1779",
            "1780",
            "1781"
        ],
        "id": "340",
        "organization": null
    }
}  
[2024-04-24 10:00:00] local.DEBUG: --- End Of Event ---  
[2024-04-24 10:03:34] local.DEBUG: --- Zendesk-Event: Lead on Create ---  
[2024-04-24 10:03:34] local.DEBUG: {
    "zd_lead_id": 163105170,
    "first_name": "24APR",
    "last_name": "2024",
    "status": "New Client - Referral",
    "email": "24apr@gmail.com",
    "company_name": "PT 24APR24 Aja",
    "mobile": null,
    "phone": "089456",
    "enterprise_id": "24APR24"
}  
[2024-04-24 10:03:34] local.DEBUG: array (
  'CONTACT ID' => NULL,
)  
[2024-04-24 10:03:34] local.DEBUG: --- ZD-Request: Fill LeadID using Update Lead ActiveCampaign Contact ID ---  
[2024-04-24 10:03:34] local.DEBUG: {
    "custom_fields": {
        "Lead ID": 163105170
    }
}  
[2024-04-24 10:03:34] local.DEBUG: --- ZD-Request: Update Lead ActiveCampaign Contact ID ---  
[2024-04-24 10:03:34] local.ERROR: resource= field= code=not_found message=Not Found {"exception":"[object] (BaseCRM\\Errors\\RequestError(code: 0): resource= field= code=not_found message=Not Found at /Users/aufulkirom/Documents/1_WORK/APERGU/PRIVY/zd-ac-stage-module/vendor/basecrm/basecrm-php/lib/HttpClient.php:286)
[stacktrace]
#0 /Users/aufulkirom/Documents/1_WORK/APERGU/PRIVY/zd-ac-stage-module/vendor/basecrm/basecrm-php/lib/HttpClient.php(269): BaseCRM\\HttpClient->handleErrorResponse(404, '{\"errors\":[{\"er...', Array)
#1 /Users/aufulkirom/Documents/1_WORK/APERGU/PRIVY/zd-ac-stage-module/vendor/basecrm/basecrm-php/lib/HttpClient.php(160): BaseCRM\\HttpClient->handleResponse(404, '{\"errors\":[{\"er...')
#2 /Users/aufulkirom/Documents/1_WORK/APERGU/PRIVY/zd-ac-stage-module/vendor/basecrm/basecrm-php/lib/HttpClient.php(65): BaseCRM\\HttpClient->request('PUT', '/leads/16310517...', NULL, Array, Array)
#3 /Users/aufulkirom/Documents/1_WORK/APERGU/PRIVY/zd-ac-stage-module/vendor/basecrm/basecrm-php/lib/LeadsService.php(111): BaseCRM\\HttpClient->put('/leads/16310517...', Array, Array)
#4 /Users/aufulkirom/Documents/1_WORK/APERGU/PRIVY/zd-ac-stage-module/app/Http/Controllers/Zendesk/Lead/OnCreateController.php(249): BaseCRM\\LeadsService->update(163105170, Array)
#5 /Users/aufulkirom/Documents/1_WORK/APERGU/PRIVY/zd-ac-stage-module/app/Http/Controllers/Zendesk/Lead/OnCreateController.php(191): App\\Http\\Controllers\\Zendesk\\Lead\\OnCreateController->updateACContactIDToZD(163105170, Array)
#6 /Users/aufulkirom/Documents/1_WORK/APERGU/PRIVY/zd-ac-stage-module/app/Http/Controllers/Zendesk/Lead/OnCreateController.php(22): App\\Http\\Controllers\\Zendesk\\Lead\\OnCreateController->updateCustomLeadId(Object(Illuminate\\Http\\Request))
#7 /Users/aufulkirom/Documents/1_WORK/APERGU/PRIVY/zd-ac-stage-module/vendor/laravel/framework/src/Illuminate/Routing/Controller.php(54): App\\Http\\Controllers\\Zendesk\\Lead\\OnCreateController->index(Object(Illuminate\\Http\\Request))
#8 /Users/aufulkirom/Documents/1_WORK/APERGU/PRIVY/zd-ac-stage-module/vendor/laravel/framework/src/Illuminate/Routing/ControllerDispatcher.php(43): Illuminate\\Routing\\Controller->callAction('index', Array)
#9 /Users/aufulkirom/Documents/1_WORK/APERGU/PRIVY/zd-ac-stage-module/vendor/laravel/framework/src/Illuminate/Routing/Route.php(260): Illuminate\\Routing\\ControllerDispatcher->dispatch(Object(Illuminate\\Routing\\Route), Object(App\\Http\\Controllers\\Zendesk\\Lead\\OnCreateController), 'index')
#10 /Users/aufulkirom/Documents/1_WORK/APERGU/PRIVY/zd-ac-stage-module/vendor/laravel/framework/src/Illuminate/Routing/Route.php(205): Illuminate\\Routing\\Route->runController()
#11 /Users/aufulkirom/Documents/1_WORK/APERGU/PRIVY/zd-ac-stage-module/vendor/laravel/framework/src/Illuminate/Routing/Router.php(806): Illuminate\\Routing\\Route->run()
#12 /Users/aufulkirom/Documents/1_WORK/APERGU/PRIVY/zd-ac-stage-module/vendor/laravel/framework/src/Illuminate/Pipeline/Pipeline.php(144): Illuminate\\Routing\\Router->Illuminate\\Routing\\{closure}(Object(Illuminate\\Http\\Request))
#13 /Users/aufulkirom/Documents/1_WORK/APERGU/PRIVY/zd-ac-stage-module/app/Http/Middleware/BasicAuth.php(33): Illuminate\\Pipeline\\Pipeline->Illuminate\\Pipeline\\{closure}(Object(Illuminate\\Http\\Request))
#14 /Users/aufulkirom/Documents/1_WORK/APERGU/PRIVY/zd-ac-stage-module/vendor/laravel/framework/src/Illuminate/Pipeline/Pipeline.php(183): App\\Http\\Middleware\\BasicAuth->handle(Object(Illuminate\\Http\\Request), Object(Closure))
#15 /Users/aufulkirom/Documents/1_WORK/APERGU/PRIVY/zd-ac-stage-module/vendor/laravel/framework/src/Illuminate/Routing/Middleware/SubstituteBindings.php(50): Illuminate\\Pipeline\\Pipeline->Illuminate\\Pipeline\\{closure}(Object(Illuminate\\Http\\Request))
#16 /Users/aufulkirom/Documents/1_WORK/APERGU/PRIVY/zd-ac-stage-module/vendor/laravel/framework/src/Illuminate/Pipeline/Pipeline.php(183): Illuminate\\Routing\\Middleware\\SubstituteBindings->handle(Object(Illuminate\\Http\\Request), Object(Closure))
#17 /Users/aufulkirom/Documents/1_WORK/APERGU/PRIVY/zd-ac-stage-module/vendor/laravel/framework/src/Illuminate/Routing/Middleware/ThrottleRequests.php(159): Illuminate\\Pipeline\\Pipeline->Illuminate\\Pipeline\\{closure}(Object(Illuminate\\Http\\Request))
#18 /Users/aufulkirom/Documents/1_WORK/APERGU/PRIVY/zd-ac-stage-module/vendor/laravel/framework/src/Illuminate/Routing/Middleware/ThrottleRequests.php(135): Illuminate\\Routing\\Middleware\\ThrottleRequests->handleRequest(Object(Illuminate\\Http\\Request), Object(Closure), Array)
#19 /Users/aufulkirom/Documents/1_WORK/APERGU/PRIVY/zd-ac-stage-module/vendor/laravel/framework/src/Illuminate/Routing/Middleware/ThrottleRequests.php(87): Illuminate\\Routing\\Middleware\\ThrottleRequests->handleRequestUsingNamedLimiter(Object(Illuminate\\Http\\Request), Object(Closure), 'api', Object(Closure))
#20 /Users/aufulkirom/Documents/1_WORK/APERGU/PRIVY/zd-ac-stage-module/vendor/laravel/framework/src/Illuminate/Pipeline/Pipeline.php(183): Illuminate\\Routing\\Middleware\\ThrottleRequests->handle(Object(Illuminate\\Http\\Request), Object(Closure), 'api')
#21 /Users/aufulkirom/Documents/1_WORK/APERGU/PRIVY/zd-ac-stage-module/vendor/laravel/framework/src/Illuminate/Pipeline/Pipeline.php(119): Illuminate\\Pipeline\\Pipeline->Illuminate\\Pipeline\\{closure}(Object(Illuminate\\Http\\Request))
#22 /Users/aufulkirom/Documents/1_WORK/APERGU/PRIVY/zd-ac-stage-module/vendor/laravel/framework/src/Illuminate/Routing/Router.php(807): Illuminate\\Pipeline\\Pipeline->then(Object(Closure))
#23 /Users/aufulkirom/Documents/1_WORK/APERGU/PRIVY/zd-ac-stage-module/vendor/laravel/framework/src/Illuminate/Routing/Router.php(784): Illuminate\\Routing\\Router->runRouteWithinStack(Object(Illuminate\\Routing\\Route), Object(Illuminate\\Http\\Request))
#24 /Users/aufulkirom/Documents/1_WORK/APERGU/PRIVY/zd-ac-stage-module/vendor/laravel/framework/src/Illuminate/Routing/Router.php(748): Illuminate\\Routing\\Router->runRoute(Object(Illuminate\\Http\\Request), Object(Illuminate\\Routing\\Route))
#25 /Users/aufulkirom/Documents/1_WORK/APERGU/PRIVY/zd-ac-stage-module/vendor/laravel/framework/src/Illuminate/Routing/Router.php(737): Illuminate\\Routing\\Router->dispatchToRoute(Object(Illuminate\\Http\\Request))
#26 /Users/aufulkirom/Documents/1_WORK/APERGU/PRIVY/zd-ac-stage-module/vendor/laravel/framework/src/Illuminate/Foundation/Http/Kernel.php(200): Illuminate\\Routing\\Router->dispatch(Object(Illuminate\\Http\\Request))
#27 /Users/aufulkirom/Documents/1_WORK/APERGU/PRIVY/zd-ac-stage-module/vendor/laravel/framework/src/Illuminate/Pipeline/Pipeline.php(144): Illuminate\\Foundation\\Http\\Kernel->Illuminate\\Foundation\\Http\\{closure}(Object(Illuminate\\Http\\Request))
#28 /Users/aufulkirom/Documents/1_WORK/APERGU/PRIVY/zd-ac-stage-module/vendor/laravel/framework/src/Illuminate/Foundation/Http/Middleware/TransformsRequest.php(21): Illuminate\\Pipeline\\Pipeline->Illuminate\\Pipeline\\{closure}(Object(Illuminate\\Http\\Request))
#29 /Users/aufulkirom/Documents/1_WORK/APERGU/PRIVY/zd-ac-stage-module/vendor/laravel/framework/src/Illuminate/Foundation/Http/Middleware/ConvertEmptyStringsToNull.php(31): Illuminate\\Foundation\\Http\\Middleware\\TransformsRequest->handle(Object(Illuminate\\Http\\Request), Object(Closure))
#30 /Users/aufulkirom/Documents/1_WORK/APERGU/PRIVY/zd-ac-stage-module/vendor/laravel/framework/src/Illuminate/Pipeline/Pipeline.php(183): Illuminate\\Foundation\\Http\\Middleware\\ConvertEmptyStringsToNull->handle(Object(Illuminate\\Http\\Request), Object(Closure))
#31 /Users/aufulkirom/Documents/1_WORK/APERGU/PRIVY/zd-ac-stage-module/vendor/laravel/framework/src/Illuminate/Foundation/Http/Middleware/TransformsRequest.php(21): Illuminate\\Pipeline\\Pipeline->Illuminate\\Pipeline\\{closure}(Object(Illuminate\\Http\\Request))
#32 /Users/aufulkirom/Documents/1_WORK/APERGU/PRIVY/zd-ac-stage-module/vendor/laravel/framework/src/Illuminate/Foundation/Http/Middleware/TrimStrings.php(40): Illuminate\\Foundation\\Http\\Middleware\\TransformsRequest->handle(Object(Illuminate\\Http\\Request), Object(Closure))
#33 /Users/aufulkirom/Documents/1_WORK/APERGU/PRIVY/zd-ac-stage-module/vendor/laravel/framework/src/Illuminate/Pipeline/Pipeline.php(183): Illuminate\\Foundation\\Http\\Middleware\\TrimStrings->handle(Object(Illuminate\\Http\\Request), Object(Closure))
#34 /Users/aufulkirom/Documents/1_WORK/APERGU/PRIVY/zd-ac-stage-module/vendor/laravel/framework/src/Illuminate/Foundation/Http/Middleware/ValidatePostSize.php(27): Illuminate\\Pipeline\\Pipeline->Illuminate\\Pipeline\\{closure}(Object(Illuminate\\Http\\Request))
#35 /Users/aufulkirom/Documents/1_WORK/APERGU/PRIVY/zd-ac-stage-module/vendor/laravel/framework/src/Illuminate/Pipeline/Pipeline.php(183): Illuminate\\Foundation\\Http\\Middleware\\ValidatePostSize->handle(Object(Illuminate\\Http\\Request), Object(Closure))
#36 /Users/aufulkirom/Documents/1_WORK/APERGU/PRIVY/zd-ac-stage-module/vendor/laravel/framework/src/Illuminate/Foundation/Http/Middleware/PreventRequestsDuringMaintenance.php(99): Illuminate\\Pipeline\\Pipeline->Illuminate\\Pipeline\\{closure}(Object(Illuminate\\Http\\Request))
#37 /Users/aufulkirom/Documents/1_WORK/APERGU/PRIVY/zd-ac-stage-module/vendor/laravel/framework/src/Illuminate/Pipeline/Pipeline.php(183): Illuminate\\Foundation\\Http\\Middleware\\PreventRequestsDuringMaintenance->handle(Object(Illuminate\\Http\\Request), Object(Closure))
#38 /Users/aufulkirom/Documents/1_WORK/APERGU/PRIVY/zd-ac-stage-module/vendor/laravel/framework/src/Illuminate/Http/Middleware/HandleCors.php(62): Illuminate\\Pipeline\\Pipeline->Illuminate\\Pipeline\\{closure}(Object(Illuminate\\Http\\Request))
#39 /Users/aufulkirom/Documents/1_WORK/APERGU/PRIVY/zd-ac-stage-module/vendor/laravel/framework/src/Illuminate/Pipeline/Pipeline.php(183): Illuminate\\Http\\Middleware\\HandleCors->handle(Object(Illuminate\\Http\\Request), Object(Closure))
#40 /Users/aufulkirom/Documents/1_WORK/APERGU/PRIVY/zd-ac-stage-module/vendor/laravel/framework/src/Illuminate/Http/Middleware/TrustProxies.php(39): Illuminate\\Pipeline\\Pipeline->Illuminate\\Pipeline\\{closure}(Object(Illuminate\\Http\\Request))
#41 /Users/aufulkirom/Documents/1_WORK/APERGU/PRIVY/zd-ac-stage-module/vendor/laravel/framework/src/Illuminate/Pipeline/Pipeline.php(183): Illuminate\\Http\\Middleware\\TrustProxies->handle(Object(Illuminate\\Http\\Request), Object(Closure))
#42 /Users/aufulkirom/Documents/1_WORK/APERGU/PRIVY/zd-ac-stage-module/vendor/laravel/framework/src/Illuminate/Pipeline/Pipeline.php(119): Illuminate\\Pipeline\\Pipeline->Illuminate\\Pipeline\\{closure}(Object(Illuminate\\Http\\Request))
#43 /Users/aufulkirom/Documents/1_WORK/APERGU/PRIVY/zd-ac-stage-module/vendor/laravel/framework/src/Illuminate/Foundation/Http/Kernel.php(175): Illuminate\\Pipeline\\Pipeline->then(Object(Closure))
#44 /Users/aufulkirom/Documents/1_WORK/APERGU/PRIVY/zd-ac-stage-module/vendor/laravel/framework/src/Illuminate/Foundation/Http/Kernel.php(144): Illuminate\\Foundation\\Http\\Kernel->sendRequestThroughRouter(Object(Illuminate\\Http\\Request))
#45 /Users/aufulkirom/Documents/1_WORK/APERGU/PRIVY/zd-ac-stage-module/public/index.php(53): Illuminate\\Foundation\\Http\\Kernel->handle(Object(Illuminate\\Http\\Request))
#46 /Users/aufulkirom/Documents/1_WORK/APERGU/PRIVY/zd-ac-stage-module/vendor/laravel/framework/src/Illuminate/Foundation/resources/server.php(16): require_once('/Users/aufulkir...')
#47 {main}
"} 
[2024-04-24 10:04:14] local.DEBUG: --- Zendesk-Event: Lead on Create ---  
[2024-04-24 10:04:14] local.DEBUG: {
    "zd_lead_id": 163105170,
    "first_name": "24APR",
    "last_name": "2024",
    "status": "New Client - Referral",
    "email": "24apr@gmail.com",
    "company_name": "PT 24APR24 Aja",
    "mobile": null,
    "phone": "089456",
    "enterprise_id": "24APR24"
}  
[2024-04-24 10:04:14] local.DEBUG: array (
  'CONTACT ID' => NULL,
)  
[2024-04-24 10:04:14] local.DEBUG: --- ZD-Request: Fill LeadID using Update Lead ActiveCampaign Contact ID ---  
[2024-04-24 10:04:14] local.DEBUG: {
    "custom_fields": {
        "Lead ID": 163105170
    }
}  
[2024-04-24 10:04:14] local.DEBUG: --- ZD-Request: Update Lead ActiveCampaign Contact ID ---  
[2024-04-24 10:06:05] local.DEBUG: --- Zendesk-Event: Lead on Create ---  
[2024-04-24 10:06:05] local.DEBUG: {
    "zd_lead_id": 163105170,
    "first_name": "24APR",
    "last_name": "2024",
    "status": "New Client - Referral",
    "email": "24apr@gmail.com",
    "company_name": "PT 24APR24 Aja",
    "mobile": null,
    "phone": "089456",
    "enterprise_id": "24APR24"
}  
[2024-04-24 10:06:05] local.DEBUG: array (
  'CONTACT ID' => NULL,
)  
[2024-04-24 10:06:05] local.DEBUG: --- ZD-Request: Fill LeadID using Update Lead ActiveCampaign Contact ID ---  
[2024-04-24 16:23:13] local.DEBUG: --- Zendesk-Event: Lead on Create ---  
[2024-04-24 16:23:13] local.DEBUG: {
    "zd_lead_id": 163105170,
    "first_name": "24APR",
    "last_name": "2024",
    "status": "New Client - Referral",
    "email": "24apr@gmail.com",
    "company_name": "PT 24APR24 Aja",
    "mobile": null,
    "phone": "089456",
    "enterprise_id": "24APR24"
}  
[2024-04-24 16:23:13] local.DEBUG: array (
  'CONTACT ID' => NULL,
)  
[2024-04-24 16:23:13] local.DEBUG: --- ZD-Request: Fill LeadID using Update Lead ActiveCampaign Contact ID ---  
[2024-04-24 16:23:13] local.DEBUG: {
    "custom_fields": {
        "Lead ID": 163105170
    }
}  
[2024-04-24 16:23:13] local.DEBUG: --- ZD-Request: Update Lead ActiveCampaign Contact ID ---  
[2024-04-24 16:26:51] local.DEBUG: --- Zendesk-Event: Lead on Create ---  
[2024-04-24 16:26:51] local.DEBUG: {
    "zd_lead_id": 163105170,
    "first_name": "24APR",
    "last_name": "2024",
    "status": "New Client - Referral",
    "email": "24apr@gmail.com",
    "company_name": "PT 24APR24 Aja",
    "mobile": null,
    "phone": "089456",
    "enterprise_id": "24APR24"
}  
[2024-04-24 16:26:51] local.DEBUG: array (
  'CONTACT ID' => NULL,
)  
[2024-04-24 16:26:51] local.DEBUG: --- ZD-Request: Fill LeadID using Update Lead ActiveCampaign Contact ID ---  
[2024-04-24 16:26:51] local.DEBUG: {
    "custom_fields": {
        "Lead ID": 163105170
    }
}  
[2024-04-24 16:26:51] local.DEBUG: --- ZD-Request: Update Lead ActiveCampaign Contact ID ---  
[2024-04-24 16:27:57] local.DEBUG: --- Zendesk-Event: Lead on Create ---  
[2024-04-24 16:27:57] local.DEBUG: {
    "zd_lead_id": 163105170,
    "first_name": "24APR",
    "last_name": "2024",
    "status": "New Client - Referral",
    "email": "24apr@gmail.com",
    "company_name": "PT 24APR24 Aja",
    "mobile": null,
    "phone": "089456",
    "enterprise_id": "24APR24"
}  
[2024-04-24 16:27:57] local.DEBUG: array (
  'CONTACT ID' => NULL,
)  
[2024-04-24 16:27:57] local.DEBUG: --- ZD-Request: Fill LeadID using Update Lead ActiveCampaign Contact ID ---  
[2024-04-24 16:27:57] local.DEBUG: {
    "custom_fields": {
        "Lead ID": 163105170
    }
}  
[2024-04-24 16:27:57] local.DEBUG: --- ZD-Request: Update Lead ActiveCampaign Contact ID ---  
[2024-04-24 16:27:58] local.DEBUG: --- ZD-Response: Update Lead ActiveCampaign Contact ID ---  
[2024-04-24 16:27:58] local.DEBUG: {}  
[2024-04-24 16:27:58] local.DEBUG: --- AC-Request: Search Contact By Email ---  
[2024-04-24 16:27:58] local.DEBUG: https://privy1706071639.api-us1.com/api/3/contacts?filters[email]=24apr@gmail.com  
[2024-04-24 16:28:00] local.DEBUG: --- AC-Response: Search Contact By Email ---  
[2024-04-24 16:28:00] local.DEBUG: [
    {
        "cdate": "2024-04-24T04:58:38-05:00",
        "email": "24apr@gmail.com",
        "phone": "089456",
        "firstName": "24APR",
        "lastName": "2024",
        "orgid": "0",
        "orgname": "",
        "segmentio_id": "",
        "bounced_hard": "0",
        "bounced_soft": "0",
        "bounced_date": null,
        "ip": "0",
        "ua": "",
        "hash": "aa19c8e9a9978525f2eb73e2e31f7de6",
        "socialdata_lastcheck": null,
        "email_local": "",
        "email_domain": "gmail.com",
        "sentcnt": "0",
        "rating_tstamp": null,
        "gravatar": "0",
        "deleted": "0",
        "anonymized": "0",
        "adate": null,
        "udate": "2024-04-24T05:00:00-05:00",
        "edate": null,
        "deleted_at": null,
        "created_utc_timestamp": "2024-04-24 04:58:38",
        "updated_utc_timestamp": "2024-04-24 05:00:00",
        "created_timestamp": "2024-04-24 04:58:38",
        "updated_timestamp": "2024-04-24 05:00:00",
        "created_by": "0",
        "updated_by": "0",
        "mpp_tracking": "0",
        "scoreValues": [],
        "accountContacts": [],
        "links": {
            "bounceLogs": "https:\/\/privy1706071639.api-us1.com\/api\/3\/contacts\/340\/bounceLogs",
            "contactAutomations": "https:\/\/privy1706071639.api-us1.com\/api\/3\/contacts\/340\/contactAutomations?limit=2500&orders%5Blastdate%5D=DESC",
            "contactData": "https:\/\/privy1706071639.api-us1.com\/api\/3\/contacts\/340\/contactData",
            "contactGoals": "https:\/\/privy1706071639.api-us1.com\/api\/3\/contacts\/340\/contactGoals",
            "contactLists": "https:\/\/privy1706071639.api-us1.com\/api\/3\/contacts\/340\/contactLists",
            "contactLogs": "https:\/\/privy1706071639.api-us1.com\/api\/3\/contacts\/340\/contactLogs",
            "contactTags": "https:\/\/privy1706071639.api-us1.com\/api\/3\/contacts\/340\/contactTags",
            "contactDeals": "https:\/\/privy1706071639.api-us1.com\/api\/3\/contacts\/340\/contactDeals",
            "deals": "https:\/\/privy1706071639.api-us1.com\/api\/3\/contacts\/340\/deals",
            "fieldValues": "https:\/\/privy1706071639.api-us1.com\/api\/3\/contacts\/340\/fieldValues",
            "geoIps": "https:\/\/privy1706071639.api-us1.com\/api\/3\/contacts\/340\/geoIps",
            "notes": "https:\/\/privy1706071639.api-us1.com\/api\/3\/contacts\/340\/notes",
            "organization": "https:\/\/privy1706071639.api-us1.com\/api\/3\/contacts\/340\/organization",
            "plusAppend": "https:\/\/privy1706071639.api-us1.com\/api\/3\/contacts\/340\/plusAppend",
            "trackingLogs": "https:\/\/privy1706071639.api-us1.com\/api\/3\/contacts\/340\/trackingLogs",
            "scoreValues": "https:\/\/privy1706071639.api-us1.com\/api\/3\/contacts\/340\/scoreValues",
            "accountContacts": "https:\/\/privy1706071639.api-us1.com\/api\/3\/contacts\/340\/accountContacts",
            "automationEntryCounts": "https:\/\/privy1706071639.api-us1.com\/api\/3\/contacts\/340\/automationEntryCounts"
        },
        "id": "340",
        "organization": null
    }
]  
[2024-04-24 16:28:00] local.DEBUG: --- AC-Request: Update Contact ---  
[2024-04-24 16:28:00] local.DEBUG: https://privy1706071639.api-us1.com/api/3/contacts/340  
[2024-04-24 16:28:00] local.DEBUG: {
    "contact": {
        "email": "24apr@gmail.com",
        "firstName": "24APR",
        "lastName": "2024",
        "phone": "089456",
        "fieldValues": [
            {
                "field": 1,
                "value": "PT 24APR24 Aja"
            },
            {
                "field": 2,
                "value": null
            },
            {
                "field": 3,
                "value": "New Client - Referral"
            },
            {
                "field": 6,
                "value": 163105170
            }
        ]
    }
}  
[2024-04-24 16:28:02] local.DEBUG: --- AC-Response: Update Contact ---  
[2024-04-24 16:28:02] local.DEBUG: {
    "fieldValues": [
        {
            "contact": "340",
            "field": "1",
            "value": "PT 24APR24 Aja",
            "cdate": "2024-04-24T04:58:38-05:00",
            "udate": "2024-04-24T11:28:01-05:00",
            "created_by": "0",
            "updated_by": "0",
            "links": {
                "owner": "https:\/\/privy1706071639.api-us1.com\/api\/3\/fieldValues\/1777\/owner",
                "field": "https:\/\/privy1706071639.api-us1.com\/api\/3\/fieldValues\/1777\/field"
            },
            "id": "1777",
            "owner": "340"
        },
        {
            "contact": "340",
            "field": "2",
            "value": "",
            "cdate": "2024-04-24T04:58:38-05:00",
            "udate": "2024-04-24T11:28:01-05:00",
            "created_by": "0",
            "updated_by": "0",
            "links": {
                "owner": "https:\/\/privy1706071639.api-us1.com\/api\/3\/fieldValues\/1778\/owner",
                "field": "https:\/\/privy1706071639.api-us1.com\/api\/3\/fieldValues\/1778\/field"
            },
            "id": "1778",
            "owner": "340"
        },
        {
            "contact": "340",
            "field": "3",
            "value": "New Client - Referral",
            "cdate": "2024-04-24T04:58:38-05:00",
            "udate": "2024-04-24T11:28:01-05:00",
            "created_by": "0",
            "updated_by": "0",
            "links": {
                "owner": "https:\/\/privy1706071639.api-us1.com\/api\/3\/fieldValues\/1779\/owner",
                "field": "https:\/\/privy1706071639.api-us1.com\/api\/3\/fieldValues\/1779\/field"
            },
            "id": "1779",
            "owner": "340"
        },
        {
            "contact": "340",
            "field": "5",
            "value": "24APR24",
            "cdate": "2024-04-24T04:58:38-05:00",
            "udate": "2024-04-24T04:58:38-05:00",
            "created_by": null,
            "updated_by": null,
            "links": {
                "owner": "https:\/\/privy1706071639.api-us1.com\/api\/3\/fieldValues\/1780\/owner",
                "field": "https:\/\/privy1706071639.api-us1.com\/api\/3\/fieldValues\/1780\/field"
            },
            "id": "1780",
            "owner": "340"
        },
        {
            "contact": "340",
            "field": "6",
            "value": "163105170",
            "cdate": "2024-04-24T04:58:38-05:00",
            "udate": "2024-04-24T11:28:01-05:00",
            "created_by": "0",
            "updated_by": "0",
            "links": {
                "owner": "https:\/\/privy1706071639.api-us1.com\/api\/3\/fieldValues\/1781\/owner",
                "field": "https:\/\/privy1706071639.api-us1.com\/api\/3\/fieldValues\/1781\/field"
            },
            "id": "1781",
            "owner": "340"
        }
    ],
    "contact": {
        "cdate": "2024-04-24T04:58:38-05:00",
        "email": "24apr@gmail.com",
        "phone": "089456",
        "firstName": "24APR",
        "lastName": "2024",
        "orgid": "0",
        "orgname": "",
        "segmentio_id": "",
        "bounced_hard": "0",
        "bounced_soft": "0",
        "bounced_date": null,
        "ip": "0",
        "ua": "",
        "hash": "aa19c8e9a9978525f2eb73e2e31f7de6",
        "socialdata_lastcheck": null,
        "email_local": "",
        "email_domain": "gmail.com",
        "sentcnt": "0",
        "rating_tstamp": null,
        "gravatar": "0",
        "deleted": "0",
        "anonymized": "0",
        "adate": null,
        "udate": "2024-04-24T11:28:01-05:00",
        "edate": null,
        "deleted_at": null,
        "created_utc_timestamp": "2024-04-24 04:58:38",
        "updated_utc_timestamp": "2024-04-24 11:28:01",
        "created_timestamp": "2024-04-24 04:58:38",
        "updated_timestamp": "2024-04-24 11:28:01",
        "created_by": "0",
        "updated_by": "0",
        "mpp_tracking": "0",
        "links": {
            "bounceLogs": "https:\/\/privy1706071639.api-us1.com\/api\/3\/contacts\/340\/bounceLogs",
            "contactAutomations": "https:\/\/privy1706071639.api-us1.com\/api\/3\/contacts\/340\/contactAutomations?limit=2500&orders%5Blastdate%5D=DESC",
            "contactData": "https:\/\/privy1706071639.api-us1.com\/api\/3\/contacts\/340\/contactData",
            "contactGoals": "https:\/\/privy1706071639.api-us1.com\/api\/3\/contacts\/340\/contactGoals",
            "contactLists": "https:\/\/privy1706071639.api-us1.com\/api\/3\/contacts\/340\/contactLists",
            "contactLogs": "https:\/\/privy1706071639.api-us1.com\/api\/3\/contacts\/340\/contactLogs",
            "contactTags": "https:\/\/privy1706071639.api-us1.com\/api\/3\/contacts\/340\/contactTags",
            "contactDeals": "https:\/\/privy1706071639.api-us1.com\/api\/3\/contacts\/340\/contactDeals",
            "deals": "https:\/\/privy1706071639.api-us1.com\/api\/3\/contacts\/340\/deals",
            "fieldValues": "https:\/\/privy1706071639.api-us1.com\/api\/3\/contacts\/340\/fieldValues",
            "geoIps": "https:\/\/privy1706071639.api-us1.com\/api\/3\/contacts\/340\/geoIps",
            "notes": "https:\/\/privy1706071639.api-us1.com\/api\/3\/contacts\/340\/notes",
            "organization": "https:\/\/privy1706071639.api-us1.com\/api\/3\/contacts\/340\/organization",
            "plusAppend": "https:\/\/privy1706071639.api-us1.com\/api\/3\/contacts\/340\/plusAppend",
            "trackingLogs": "https:\/\/privy1706071639.api-us1.com\/api\/3\/contacts\/340\/trackingLogs",
            "scoreValues": "https:\/\/privy1706071639.api-us1.com\/api\/3\/contacts\/340\/scoreValues",
            "accountContacts": "https:\/\/privy1706071639.api-us1.com\/api\/3\/contacts\/340\/accountContacts",
            "automationEntryCounts": "https:\/\/privy1706071639.api-us1.com\/api\/3\/contacts\/340\/automationEntryCounts"
        },
        "fieldValues": [
            "1777",
            "1778",
            "1779",
            "1780",
            "1781"
        ],
        "id": "340",
        "organization": null
    }
}  
[2024-04-24 16:28:02] local.DEBUG: --- End Of Event ---  
